
 [Debug] 2021/04/03 22:08:59 main.go:17 [main.main] 454545
 [Error] 2021/04/03 22:08:59 main.go:18 [main.main] 这是一个错误
 [Info ] 2021/04/03 22:08:59 main.go:19 [main.main] 这是一条信息
 [Debug] 2021/04/03 22:08:59 main.go:20 [main.main] 这是debug信息
 [Fatal] 2021/04/03 22:08:59 main.go:21 [main.main] 这是fatal
 [Warn ] 2021/04/03 22:08:59 main.go:22 [main.main] 这是警告
 [Info ] 2021/04/03 22:15:09 main.go:17 [main.main] 123456
 [Info ] 2021/04/03 22:15:09 main.go:18 [main.main] [我 你]+%!s(MISSING)
 [Info ] 2021/04/03 22:15:56 main.go:17 [main.main] 123456
 [Info ] 2021/04/03 22:15:56 main.go:18 [main.main] [我 你]+%!s(MISSING)
 [Info ] 2021/04/03 22:16:51 main.go:17 [main.main] 123456
 [Info ] 2021/04/03 22:19:48 main.go:18 [main.main] 123456
 [Info ] 2021/04/03 22:21:01 main.go:19 [main.main] [我 你]+%!s(MISSING)
 [Info ] 2021/04/03 22:21:08 main.go:18 [main.main] 123456
 [Info ] 2021/04/03 22:21:12 main.go:19 [main.main] 我+你
 [Info ] 2021/04/03 22:21:32 main.go:18 [main.main] 123456
 [Info ] 2021/04/03 22:21:32 main.go:19 [main.main] 我+你
 [Info ] 2021/04/03 22:23:59 main.go:18 [main.main] 123456
 [Info ] 2021/04/03 22:24:00 main.go:19 [main.main] 我+你
 [Info ] 2021/04/03 22:24:12 main.go:18 [main.main] 123456
 [Error] 2021/04/03 22:24:12 main.go:19 [main.main] %s+%s我你
 [Info ] 2021/04/03 22:25:17 main.go:18 [main.main] 123456
 [Error] 2021/04/03 22:25:17 main.go:19 [main.main] 我+你
 [Info ] 2021/04/03 22:26:20 main.go:18 [main.main] 123456
 [Info ] 2021/04/03 22:26:20 main.go:19 [main.main] 我+你
 [Debug] 2021/04/03 22:26:20 main.go:20 [main.main] 123456
 [Debug] 2021/04/03 22:26:20 main.go:21 [main.main] 我+你
 [Error] 2021/04/03 22:26:20 main.go:22 [main.main] 123456
 [Error] 2021/04/03 22:26:20 main.go:23 [main.main] 我+你
 [Fatal] 2021/04/03 22:26:20 main.go:24 [main.main] 123456
 [Fatal] 2021/04/03 22:26:20 main.go:25 [main.main] 我+你
 [Warn ] 2021/04/03 22:26:20 main.go:26 [main.main] 123456
 [Warn ] 2021/04/03 22:26:20 main.go:27 [main.main] 我+你
 [Info ] 2021/04/03 23:01:54 main.go:20 [main.main] 123456
 [Info ] 2021/04/03 23:01:54 main.go:21 [main.main] 我+你
 [Debug] 2021/04/03 23:01:54 main.go:22 [main.main] 123456
 [Debug] 2021/04/03 23:01:54 main.go:23 [main.main] 我+你
 [Error] 2021/04/03 23:01:54 main.go:24 [main.main] 123456
 [Error] 2021/04/03 23:01:54 main.go:25 [main.main] 我+你
 [Fatal] 2021/04/03 23:01:54 main.go:26 [main.main] 123456
 [Fatal] 2021/04/03 23:01:54 main.go:27 [main.main] 我+你
 [Warn ] 2021/04/03 23:01:54 main.go:28 [main.main] 123456
 [Warn ] 2021/04/03 23:01:54 main.go:29 [main.main] 我+你
 [Info ] 2021/04/03 23:14:58 main.go:10 [main.main] 123456
 [Info ] 2021/04/03 23:14:58 main.go:11 [main.main] 我+你
 [Debug] 2021/04/03 23:14:58 main.go:12 [main.main] 123456
 [Debug] 2021/04/03 23:14:58 main.go:13 [main.main] 我+你
 [Error] 2021/04/03 23:14:58 main.go:14 [main.main] 123456
 [Error] 2021/04/03 23:14:58 main.go:15 [main.main] 我+你
 [Fatal] 2021/04/03 23:14:58 main.go:16 [main.main] 123456
 [Fatal] 2021/04/03 23:14:58 main.go:17 [main.main] 我+你
 [Warn ] 2021/04/03 23:14:58 main.go:18 [main.main] 123456
 [Warn ] 2021/04/03 23:14:58 main.go:19 [main.main] 我+你
